<?xml version="1.0" encoding="utf-8"?><testsuites><testsuite name="pytest" errors="0" failures="0" skipped="6" tests="6" time="0.042" timestamp="2022-03-28T13:58:30.394714" hostname="localhost.localdomain"><testcase classname="python.lsst.ts.xml.__init__" name="FLAKE8" time="0.000"><skipped type="pytest.skip" message="file(s) previously passed FLAKE8 checks">/usr/local/lib/python3.8/site-packages/pytest_flake8.py:116: file(s) previously passed FLAKE8 checks</skipped></testcase><testcase classname="python.lsst.ts.xml.generate_csv_table" name="FLAKE8" time="0.001"><skipped type="pytest.skip" message="file(s) previously passed FLAKE8 checks">/usr/local/lib/python3.8/site-packages/pytest_flake8.py:116: file(s) previously passed FLAKE8 checks</skipped></testcase><testcase classname="python.lsst.ts.xml.generate_sal_generics_doc" name="FLAKE8" time="0.000"><skipped type="pytest.skip" message="file(s) previously passed FLAKE8 checks">/usr/local/lib/python3.8/site-packages/pytest_flake8.py:116: file(s) previously passed FLAKE8 checks</skipped></testcase><testcase classname="python.lsst.ts.xml.generate_subsystems_doc" name="FLAKE8" time="0.000"><skipped type="pytest.skip" message="file(s) previously passed FLAKE8 checks">/usr/local/lib/python3.8/site-packages/pytest_flake8.py:116: file(s) previously passed FLAKE8 checks</skipped></testcase><testcase classname="python.lsst.ts.xml.testutils" name="FLAKE8" time="0.000"><skipped type="pytest.skip" message="file(s) previously passed FLAKE8 checks">/usr/local/lib/python3.8/site-packages/pytest_flake8.py:116: file(s) previously passed FLAKE8 checks</skipped></testcase><testcase classname="python.lsst.ts.xml.utils" name="FLAKE8" time="0.000"><skipped type="pytest.skip" message="file(s) previously passed FLAKE8 checks">/usr/local/lib/python3.8/site-packages/pytest_flake8.py:116: file(s) previously passed FLAKE8 checks</skipped></testcase></testsuite></testsuites>